Generated at 2021-04-11 02:24:20 +0000
TypeError: no implicit conversion of String into Integer
/root/chef/cookbooks/apache/recipes/default.rb:16:in `[]'
/root/chef/cookbooks/apache/recipes/default.rb:16:in `block in from_file'
/opt/chefdk/embedded/lib/ruby/gems/2.6.0/gems/chef-15.14.0/lib/chef/resource_builder.rb:67:in `instance_eval'
/opt/chefdk/embedded/lib/ruby/gems/2.6.0/gems/chef-15.14.0/lib/chef/resource_builder.rb:67:in `build'
/opt/chefdk/embedded/lib/ruby/gems/2.6.0/gems/chef-15.14.0/lib/chef/dsl/declare_resource.rb:316:in `build_resource'
/opt/chefdk/embedded/lib/ruby/gems/2.6.0/gems/chef-15.14.0/lib/chef/dsl/declare_resource.rb:273:in `declare_resource'
/opt/chefdk/embedded/lib/ruby/gems/2.6.0/gems/chef-15.14.0/lib/chef/dsl/resources.rb:36:in `cookbook_file'
/root/chef/cookbooks/apache/recipes/default.rb:15:in `from_file'
/opt/chefdk/embedded/lib/ruby/gems/2.6.0/gems/chef-15.14.0/lib/chef/mixin/from_file.rb:34:in `instance_eval'
/opt/chefdk/embedded/lib/ruby/gems/2.6.0/gems/chef-15.14.0/lib/chef/mixin/from_file.rb:34:in `from_file'
/opt/chefdk/embedded/lib/ruby/gems/2.6.0/gems/chef-15.14.0/lib/chef/cookbook_version.rb:199:in `load_recipe'
/opt/chefdk/embedded/lib/ruby/gems/2.6.0/gems/chef-15.14.0/lib/chef/run_context.rb:393:in `load_recipe'
/opt/chefdk/embedded/lib/ruby/gems/2.6.0/gems/chef-15.14.0/lib/chef/run_context/cookbook_compiler.rb:166:in `block in compile_recipes'
/opt/chefdk/embedded/lib/ruby/gems/2.6.0/gems/chef-15.14.0/lib/chef/run_context/cookbook_compiler.rb:163:in `each'
/opt/chefdk/embedded/lib/ruby/gems/2.6.0/gems/chef-15.14.0/lib/chef/run_context/cookbook_compiler.rb:163:in `compile_recipes'
/opt/chefdk/embedded/lib/ruby/gems/2.6.0/gems/chef-15.14.0/lib/chef/run_context/cookbook_compiler.rb:79:in `compile'
/opt/chefdk/embedded/lib/ruby/gems/2.6.0/gems/chef-15.14.0/lib/chef/run_context.rb:223:in `load'
/opt/chefdk/embedded/lib/ruby/gems/2.6.0/gems/chef-15.14.0/lib/chef/policy_builder/expand_node_object.rb:103:in `setup_run_context'
/opt/chefdk/embedded/lib/ruby/2.6.0/forwardable.rb:230:in `setup_run_context'
/opt/chefdk/embedded/lib/ruby/gems/2.6.0/gems/chef-15.14.0/lib/chef/client.rb:496:in `setup_run_context'
/opt/chefdk/embedded/lib/ruby/gems/2.6.0/gems/chef-15.14.0/lib/chef/client.rb:284:in `run'
/opt/chefdk/embedded/lib/ruby/gems/2.6.0/gems/chef-15.14.0/lib/chef/application.rb:320:in `run_with_graceful_exit_option'
/opt/chefdk/embedded/lib/ruby/gems/2.6.0/gems/chef-15.14.0/lib/chef/application.rb:296:in `block in run_chef_client'
/opt/chefdk/embedded/lib/ruby/gems/2.6.0/gems/chef-15.14.0/lib/chef/local_mode.rb:42:in `with_server_connectivity'
/opt/chefdk/embedded/lib/ruby/gems/2.6.0/gems/chef-15.14.0/lib/chef/application.rb:279:in `run_chef_client'
/opt/chefdk/embedded/lib/ruby/gems/2.6.0/gems/chef-15.14.0/lib/chef/application/base.rb:330:in `run_application'
/opt/chefdk/embedded/lib/ruby/gems/2.6.0/gems/chef-15.14.0/lib/chef/application.rb:68:in `run'
/opt/chefdk/embedded/lib/ruby/gems/2.6.0/gems/chef-15.14.0/lib/chef/application/solo.rb:59:in `run'
/opt/chefdk/embedded/lib/ruby/gems/2.6.0/gems/chef-bin-15.14.0/bin/chef-solo:24:in `<top (required)>'
/usr/bin/chef-solo:342:in `load'
/usr/bin/chef-solo:342:in `<main>'